commit 881e737e621ad055fbf0db5f187ce47b998ac1de
Author: Darya Mylius <daryam@cs.utexas.edu>
Date:   Fri Jul 8 12:54:12 2016 -0500

    adding code for tests and -=

commit c3a8c0c98ad43601e250e8fc1ccb6a9c9e204311
Author: Darya Mylius <daryam@cs.utexas.edu>
Date:   Fri Jul 8 12:40:56 2016 -0500

    adding code for tests and -=

commit 0174c5585761e0c1869e9561ccff9f5320831279
Merge: 72b014b 8d5b9cf
Author: Darya Mylius <daryam@cs.utexas.edu>
Date:   Thu Jul 7 13:31:02 2016 -0500

    inequalities, plus_digits, ==, ++, abs, neg, some tests done

commit 72b014bcc81bc72e361e0d573a5a4b7e8044cf49
Author: Darya Mylius <daryam@cs.utexas.edu>
Date:   Thu Jul 7 13:30:37 2016 -0500

    inequalities, plus_digits, ==, ++, abs, neg, some tests done

commit 8d5b9cffcdc49a38193eb0571228987aa930180c
Author: Jesse Jones <Jtjones756@utexas.edu>
Date:   Wed Jul 6 17:11:27 2016 -0500

    working on when both sequences equal

commit 99c68ad60048b94f6e61b3ffe12bdafbedc5a858
Author: Jesse Jones <Jtjones756@utexas.edu>
Date:   Wed Jul 6 02:56:04 2016 -0500

    Updated minus digits for 2nd sequence greater in length than first sequence

commit f1b09ef3dad2ea4b353bd7d1f38b4bac7b7dd097
Author: Darya Mylius <daryam@cs.utexas.edu>
Date:   Mon Jul 4 19:48:12 2016 -0500

    += finished, working on -=

commit e5ef8fb348698d91a29dbeb8dbe630b4944f0aa5
Author: Jesse Jones <Jtjones756@utexas.edu>
Date:   Mon Jul 4 18:20:26 2016 -0500

    updated operater += method

commit bca88922072c31a5b697700aca66e49066a701c7
Author: Darya Mylius <daryam@cs.utexas.edu>
Date:   Mon Jul 4 15:53:06 2016 -0500

    working on += operator

commit b0f0889cd7b27598de987fd8e2c2ca1483a1b3b6
Author: Jesse Jones <Jtjones756@utexas.edu>
Date:   Sun Jul 3 23:54:34 2016 -0500

    Started method overload of ++

commit da7a895f26f80bde980b975b7a724e2a1130016a
Author: Jesse Jones <Jtjones756@utexas.edu>
Date:   Sun Jul 3 04:10:35 2016 -0500

    Attempt at operator- () const minus

commit 9680b292d006a3c2c2e99bd6956eeef76226554e
Author: Jesse Jones <Jtjones756@utexas.edu>
Date:   Sat Jul 2 16:32:06 2016 -0500

    updated explicit Integer constructor

commit 2d843413451e9a6d4e3841a351198f454a2a5c09
Author: Darya Mylius <daryam@cs.utexas.edu>
Date:   Sat Jul 2 15:31:34 2016 -0500

    reading in an int

commit 6faf428d7cfa0ae195aaff21c70b710054049563
Author: Darya Mylius <daryam@cs.utexas.edu>
Date:   Fri Jul 1 12:11:55 2016 -0500

    all files present

commit 8e02da766497674feba6b1630dd5c10a8b843234
Author: Darya Mylius <daryam@cs.utexas.edu>
Date:   Fri Jul 1 12:04:08 2016 -0500

    initial commit
